ContactList/app/build/intermediates/manifest_merge_blame_file/debug/manifest-merger-blame-debug-report.txt
1<?xml version="1.0" encoding="utf-8"?>
2<manifest xmlns:android="http://schemas.android.com/apk/res/android"
3    package="com.portfolio.contactlist"
4    android:versionCode="1"
5    android:versionName="1.0" >
6
7    <uses-sdk
8        android:minSdkVersion="16"
8-->src\main\AndroidManifest.xml
9        android:targetSdkVersion="30" />
9-->src\main\AndroidManifest.xml
10
11    <application
11-->src\main\AndroidManifest.xml:4:5-19:19
12        android:allowBackup="true"
12-->src\main\AndroidManifest.xml:5:9-35
13        android:appComponentFactory="android.support.v4.app.CoreComponentFactory"
13-->[com.android.support:support-compat:28.0.0] AndroidManifest.xml:22:18-91
14        android:configChanges="orientation|screenSize"
14-->src\main\AndroidManifest.xml:10:9-55
15        android:debuggable="true"
16        android:icon="@mipmap/ic_launcher"
16-->src\main\AndroidManifest.xml:6:9-43
17        android:label="@string/app_name"
17-->src\main\AndroidManifest.xml:7:9-41
18        android:roundIcon="@mipmap/ic_launcher_round"
18-->src\main\AndroidManifest.xml:8:9-54
19        android:supportsRtl="true"
19-->src\main\AndroidManifest.xml:9:9-35
20        android:theme="@style/AppTheme" >
20-->src\main\AndroidManifest.xml:11:9-40
21        <activity android:name="com.portfolio.contactlist.MainActivity" >
21-->src\main\AndroidManifest.xml:13:9-18:20
21-->src\main\AndroidManifest.xml:13:19-47
22            <intent-filter>
22-->src\main\AndroidManifest.xml:14:13-17:29
23                <action android:name="android.intent.action.MAIN" />
23-->src\main\AndroidManifest.xml:15:17-69
23-->src\main\AndroidManifest.xml:15:25-66
24
25                <category android:name="android.intent.category.LAUNCHER" />
25-->src\main\AndroidManifest.xml:16:17-77
25-->src\main\AndroidManifest.xml:16:27-74
26            </intent-filter>
27        </activity>
28
29        <provider
29-->[android.arch.lifecycle:extensions:1.1.1] AndroidManifest.xml:23:9-27:43
30            android:name="android.arch.lifecycle.ProcessLifecycleOwnerInitializer"
30-->[android.arch.lifecycle:extensions:1.1.1] AndroidManifest.xml:24:13-83
31            android:authorities="com.portfolio.contactlist.lifecycle-trojan"
31-->[android.arch.lifecycle:extensions:1.1.1] AndroidManifest.xml:25:13-68
32            android:exported="false"
32-->[android.arch.lifecycle:extensions:1.1.1] AndroidManifest.xml:26:13-37
33            android:multiprocess="true" />
33-->[android.arch.lifecycle:extensions:1.1.1] AndroidManifest.xml:27:13-40
34    </application>
35
36</manifest>